Using pre-set license
Built from '2022.3/staging' branch; Version is '2022.3.16f1 (d2c21f0ef2f1) revision 13812255'; Using compiler version '192829333'; Build Type 'Release'
OS: 'Windows 10  (10.0.19045) 64bit Professional' Language: 'ru' Physical Memory: 15742 MB
BatchMode: 1, IsHumanControllingUs: 0, StartBugReporterOnCrash: 0, Is64bit: 1, IsPro: 1

COMMAND LINE ARGUMENTS:
C:\Program Files\Unity\Hub\Editor\2022.3.16f1\Editor\Unity.exe
-adb2
-batchMode
-noUpm
-name
AssetImportWorker4
-projectPath
C:/Users/user/Documents/GitHub/unity_sonic/SONIC GAME FFFF
-logFile
Logs/AssetImportWorker4.log
-srvPort
57366
Successfully changed project path to: C:/Users/user/Documents/GitHub/unity_sonic/SONIC GAME FFFF
C:/Users/user/Documents/GitHub/unity_sonic/SONIC GAME FFFF
[UnityMemory] Configuration Parameters - Can be set up in boot.config
    "memorysetup-bucket-allocator-granularity=16"
    "memorysetup-bucket-allocator-bucket-count=8"
    "memorysetup-bucket-allocator-block-size=33554432"
    "memorysetup-bucket-allocator-block-count=8"
    "memorysetup-main-allocator-block-size=16777216"
    "memorysetup-thread-allocator-block-size=16777216"
    "memorysetup-gfx-main-allocator-block-size=16777216"
    "memorysetup-gfx-thread-allocator-block-size=16777216"
    "memorysetup-cache-allocator-block-size=4194304"
    "memorysetup-typetree-allocator-block-size=2097152"
    "memorysetup-profiler-bucket-allocator-granularity=16"
    "memorysetup-profiler-bucket-allocator-bucket-count=8"
    "memorysetup-profiler-bucket-allocator-block-size=33554432"
    "memorysetup-profiler-bucket-allocator-block-count=8"
    "memorysetup-profiler-allocator-block-size=16777216"
    "memorysetup-profiler-editor-allocator-block-size=1048576"
    "memorysetup-temp-allocator-size-main=16777216"
    "memorysetup-job-temp-allocator-block-size=2097152"
    "memorysetup-job-temp-allocator-block-size-background=1048576"
    "memorysetup-job-temp-allocator-reduction-small-platforms=262144"
    "memorysetup-allocator-temp-initial-block-size-main=262144"
    "memorysetup-allocator-temp-initial-block-size-worker=262144"
    "memorysetup-temp-allocator-size-background-worker=32768"
    "memorysetup-temp-allocator-size-job-worker=262144"
    "memorysetup-temp-allocator-size-preload-manager=33554432"
    "memorysetup-temp-allocator-size-nav-mesh-worker=65536"
    "memorysetup-temp-allocator-size-audio-worker=65536"
    "memorysetup-temp-allocator-size-cloud-worker=32768"
    "memorysetup-temp-allocator-size-gi-baking-worker=262144"
    "memorysetup-temp-allocator-size-gfx=262144"
Player connection [9716] Host "[IP] 192.168.102.2 [Port] 0 [Flags] 2 [Guid] 2625044336 [EditorId] 2625044336 [Version] 1048832 [Id] WindowsEditor(7,PC-m00821) [Debug] 1 [PackageName] WindowsEditor [ProjectName] Editor" joined multi-casting on [225.0.0.222:54997]...

Player connection [9716] Host "[IP] 192.168.102.2 [Port] 0 [Flags] 2 [Guid] 2625044336 [EditorId] 2625044336 [Version] 1048832 [Id] WindowsEditor(7,PC-m00821) [Debug] 1 [PackageName] WindowsEditor [ProjectName] Editor" joined alternative multi-casting on [225.0.0.222:34997]...

[Physics::Module] Initialized MultithreadedJobDispatcher with 15 workers.
Refreshing native plugins compatible for Editor in 176.80 ms, found 4 plugins.
Preloading 0 native plugins for Editor in 0.00 ms.
Initialize engine version: 2022.3.16f1 (d2c21f0ef2f1)
[Subsystems] Discovering subsystems at path C:/Program Files/Unity/Hub/Editor/2022.3.16f1/Editor/Data/Resources/UnitySubsystems
[Subsystems] Discovering subsystems at path C:/Users/user/Documents/GitHub/unity_sonic/SONIC GAME FFFF/Assets
GfxDevice: creating device client; threaded=0; jobified=0
Direct3D:
    Version:  Direct3D 11.0 [level 11.1]
    Renderer: AMD Radeon(TM) Graphics (ID=0x1638)
    Vendor:   ATI
    VRAM:     7871 MB
    Driver:   31.0.12027.9001
Initialize mono
Mono path[0] = 'C:/Program Files/Unity/Hub/Editor/2022.3.16f1/Editor/Data/Managed'
Mono path[1] = 'C:/Program Files/Unity/Hub/Editor/2022.3.16f1/Editor/Data/MonoBleedingEdge/lib/mono/unityjit-win32'
Mono config path = 'C:/Program Files/Unity/Hub/Editor/2022.3.16f1/Editor/Data/MonoBleedingEdge/etc'
Using monoOptions --debugger-agent=transport=dt_socket,embedding=1,server=y,suspend=n,address=127.0.0.1:56220
Begin MonoManager ReloadAssembly
Registering precompiled unity dll's ...
Register platform support module: C:/Program Files/Unity/Hub/Editor/2022.3.16f1/Editor/Data/PlaybackEngines/WindowsStandaloneSupport/UnityEditor.WindowsStandalone.Extensions.dll
Registered in 0.006789 seconds.
- Loaded All Assemblies, in  0.706 seconds
Native extension for WindowsStandalone target not found
Mono: successfully reloaded assembly
- Finished resetting the current domain, in  0.236 seconds
Domain Reload Profiling: 941ms
	BeginReloadAssembly (490ms)
		ExecutionOrderSort (0ms)
		DisableScriptedObjects (0ms)
		BackupInstance (0ms)
		ReleaseScriptingObjects (0ms)
		CreateAndSetChildDomain (1ms)
	RebuildCommonClasses (26ms)
	RebuildNativeTypeToScriptingClass (8ms)
	initialDomainReloadingComplete (49ms)
	LoadAllAssembliesAndSetupDomain (131ms)
		LoadAssemblies (487ms)
		RebuildTransferFunctionScriptingTraits (0ms)
		AnalyzeDomain (129ms)
			TypeCache.Refresh (127ms)
				TypeCache.ScanAssembly (115ms)
			ScanForSourceGeneratedMonoScriptInfo (0ms)
			ResolveRequiredComponents (1ms)
	FinalizeReload (237ms)
		ReleaseScriptCaches (0ms)
		RebuildScriptCaches (0ms)
		SetupLoadedEditorAssemblies (186ms)
			LogAssemblyErrors (0ms)
			InitializePlatformSupportModulesInManaged (8ms)
			SetLoadedEditorAssemblies (6ms)
			RefreshPlugins (0ms)
			BeforeProcessingInitializeOnLoad (2ms)
			ProcessInitializeOnLoadAttributes (119ms)
			ProcessInitializeOnLoadMethodAttributes (52ms)
			AfterProcessingInitializeOnLoad (0ms)
			EditorAssembliesLoaded (0ms)
		ExecutionOrderSort2 (0ms)
		AwakeInstancesAfterBackupRestoration (0ms)
========================================================================
Worker process is ready to serve import requests
Begin MonoManager ReloadAssembly
TypeRef ResolutionScope not yet handled (218) for .IMergeView in image C:\Users\user\Documents\GitHub\unity_sonic\SONIC GAME FFFF\Library\ScriptAssemblies\Unity.PlasticSCM.Editor.dll
Unloading broken assembly Library/ScriptAssemblies/Unity.PlasticSCM.Editor.dll, this assembly can cause crashes in the runtime
- Loaded All Assemblies, in  7.505 seconds
Refreshing native plugins compatible for Editor in 5.27 ms, found 4 plugins.
Could not load signature of Unity.PlasticSCM.Editor.Gluon.UpdateReport.UpdateReportDialog:ShowUpdateReport due to: Could not resolve type with token 0100006b from typeref (expected class 'Codice.Client.BaseCommands.ErrorMessage' in assembly 'unityplastic, Version=11.0.16.8204, Culture=neutral, PublicKeyToken=a107c9c6e34c8876') assembly:unityplastic, Version=11.0.16.8204, Culture=neutral, PublicKeyToken=a107c9c6e34c8876 type:Codice.Client.BaseCommands.ErrorMessage member:(null)
Could not load signature of Unity.PlasticSCM.Editor.Gluon.UpdateReport.UpdateReportDialog:UpdateUpdateReportList due to: Could not resolve type with token 0100006b from typeref (expected class 'Codice.Client.BaseCommands.ErrorMessage' in assembly 'unityplastic, Version=11.0.16.8204, Culture=neutral, PublicKeyToken=a107c9c6e34c8876') assembly:unityplastic, Version=11.0.16.8204, Culture=neutral, PublicKeyToken=a107c9c6e34c8876 type:Codice.Client.BaseCommands.ErrorMessage member:(null)
Could not load signature of Unity.PlasticSCM.Editor.Gluon.UpdateReport.UpdateReportDialog:GetErrorDetailsText due to: Could not resolve type with token 0100006b from typeref (expected class 'Codice.Client.BaseCommands.ErrorMessage' in assembly 'unityplastic, Version=11.0.16.8204, Culture=neutral, PublicKeyToken=a107c9c6e34c8876') assembly:unityplastic, Version=11.0.16.8204, Culture=neutral, PublicKeyToken=a107c9c6e34c8876 type:Codice.Client.BaseCommands.ErrorMessage member:(null)
Could not load signature of Unity.PlasticSCM.Editor.Gluon.UpdateReport.UpdateReportDialog:DoErrorDetailsTextArea due to: Could not resolve type with token 0100006b from typeref (expected class 'Codice.Client.BaseCommands.ErrorMessage' in assembly 'unityplastic, Version=11.0.16.8204, Culture=neutral, PublicKeyToken=a107c9c6e34c8876') assembly:unityplastic, Version=11.0.16.8204, Culture=neutral, PublicKeyToken=a107c9c6e34c8876 type:Codice.Client.BaseCommands.ErrorMessage member:(null)
Could not load signature of Unity.PlasticSCM.Editor.Gluon.UpdateReport.UpdateReportDialog:Create due to: Could not resolve type with token 0100006b from typeref (expected class 'Codice.Client.BaseCommands.ErrorMessage' in assembly 'unityplastic, Version=11.0.16.8204, Culture=neutral, PublicKeyToken=a107c9c6e34c8876') assembly:unityplastic, Version=11.0.16.8204, Culture=neutral, PublicKeyToken=a107c9c6e34c8876 type:Codice.Client.BaseCommands.ErrorMessage member:(null)
Native extension for WindowsStandalone target not found
Package Manager log level set to [2]
[Package Manager] Server::EnsureServerProcessIsRunning -- launch failed, reason: Unity was launched with the -noUpm command-line argument
[Package Manager] UpmClient::Send -- Unable to send message (not connected to UPM process).
[Package Manager] Cannot connect to Unity Package Manager local server
Mono: successfully reloaded assembly
- Finished resetting the current domain, in  0.677 seconds
Domain Reload Profiling: 8179ms
	BeginReloadAssembly (153ms)
		ExecutionOrderSort (0ms)
		DisableScriptedObjects (5ms)
		BackupInstance (0ms)
		ReleaseScriptingObjects (0ms)
		CreateAndSetChildDomain (27ms)
	RebuildCommonClasses (30ms)
	RebuildNativeTypeToScriptingClass (9ms)
	initialDomainReloadingComplete (45ms)
	LoadAllAssembliesAndSetupDomain (7264ms)
		LoadAssemblies (7190ms)
		RebuildTransferFunctionScriptingTraits (0ms)
		AnalyzeDomain (162ms)
			TypeCache.Refresh (138ms)
				TypeCache.ScanAssembly (121ms)
			ScanForSourceGeneratedMonoScriptInfo (20ms)
			ResolveRequiredComponents (4ms)
	FinalizeReload (678ms)
		ReleaseScriptCaches (0ms)
		RebuildScriptCaches (0ms)
		SetupLoadedEditorAssemblies (523ms)
			LogAssemblyErrors (0ms)
			InitializePlatformSupportModulesInManaged (6ms)
			SetLoadedEditorAssemblies (3ms)
			RefreshPlugins (0ms)
			BeforeProcessingInitializeOnLoad (95ms)
			ProcessInitializeOnLoadAttributes (377ms)
			ProcessInitializeOnLoadMethodAttributes (36ms)
			AfterProcessingInitializeOnLoad (7ms)
			EditorAssembliesLoaded (0ms)
		ExecutionOrderSort2 (0ms)
		AwakeInstancesAfterBackupRestoration (6ms)
Launched and connected shader compiler UnityShaderCompiler.exe after 0.05 seconds
Refreshing native plugins compatible for Editor in 4.04 ms, found 4 plugins.
Preloading 0 native plugins for Editor in 0.00 ms.
Unloading 7230 Unused Serialized files (Serialized files now loaded: 0)
Unloading 198 unused Assets / (14.2 MB). Loaded Objects now: 7556.
Memory consumption went from 294.1 MB to 279.9 MB.
Total: 9.792200 ms (FindLiveObjects: 0.746600 ms CreateObjectMapping: 0.323500 ms MarkObjects: 4.026500 ms  DeleteObjects: 4.694500 ms)

AssetImportParameters requested are different than current active one (requested -> active):
  custom:container-demuxer-ogg: 62fdf1f143b41e24485cea50d1cbac27 -> 
  custom:scripting/precompiled-assembly-types:Unity.PlasticSCM.Editor: fa07261737969afd534745fdbb5a9ba0 -> 
  custom:video-decoder-ogg-theora: a1e56fd34408186e4bbccfd4996cb3dc -> 
  custom:framework-win-MediaFoundation: 216162199b28c13a410421893ffa2e32 -> 
  custom:CustomObjectIndexerAttribute: 43b350a4d6e6d1791af0b5038c4bea17 -> 
  custom:container-demuxer-webm: 4f35f7cbe854078d1ac9338744f61a02 -> 
  custom:container-muxer-webm: aa71ff27fc2769a1b78a27578f13a17b -> 
  custom:video-decoder-webm-vp8: 9c59270c3fd7afecdb556c50c9e8de78 -> 
  custom:SearchIndexIgnoredProperties: e643bd26f0fe6173181afceb89e7c659 -> 
  custom:AudioImporter_EditorPlatform: d09bf68614088b80899f8185d706f6e7 -> 
  custom:video-encoder-webm-vp8: eb34c28f22e8b96e1ab97ce403110664 -> 
  custom:audio-decoder-ogg-vorbis: bf7c407c2cedff20999df2af8eb42d56 -> 
  custom:audio-encoder-webm-vorbis: bf7c407c2cedff20999df2af8eb42d56 -> 
  custom:scripting/precompiled-assembly-types:unityplastic: 80ce6fce021ee75cb20edaadb7bf11e0 -> 3c30bc2c6029bd937aec52f5f186acab
========================================================================
Received Import Request.
  Time since last request: 627849.109260 seconds.
  path: Assets/Simple 2D Platformer BE2/ReadMe/Scripts/Editor/ReadmeEditorBE2.cs
  artifactKey: Guid(476cc7d7cd9874016adc216baab94a0a) Importer(2089858483,0ecaa5967403d082aa24f35e1b516d23)
Start importing Assets/Simple 2D Platformer BE2/ReadMe/Scripts/Editor/ReadmeEditorBE2.cs using Guid(476cc7d7cd9874016adc216baab94a0a) Importer(2089858483,0ecaa5967403d082aa24f35e1b516d23) Generated GUIDs only implemented for interfaces!
 -> (artifact id: '50667b66fa17efc6313ef775dfe43ff8') in 0.110075 seconds
Number of updated asset objects reloaded before import = 0
Number of asset objects unloaded after import = 1
========================================================================
Received Import Request.
  Time since last request: 0.000043 seconds.
  path: Assets/Simple 2D Platformer BE2/Sprites/Platforms.png
  artifactKey: Guid(e85c6e02fda4a004b84664f435ad4d73) Importer(2089858483,0ecaa5967403d082aa24f35e1b516d23)
Start importing Assets/Simple 2D Platformer BE2/Sprites/Platforms.png using Guid(e85c6e02fda4a004b84664f435ad4d73) Importer(2089858483,0ecaa5967403d082aa24f35e1b516d23) Generated GUIDs only implemented for interfaces!
 -> (artifact id: '501d804d1ada704f7c7855d43b6a85a8') in 0.089739 seconds
Number of updated asset objects reloaded before import = 0
Number of asset objects unloaded after import = 18
========================================================================
Received Import Request.
  Time since last request: 17.557147 seconds.
  path: Assets/BigManJD/Platformer Tileset - Pixelart Grasslands/Tile Palette/Tiles/DirtTiles_51.asset
  artifactKey: Guid(6cb027a9c8c1cd24083932aa76455e49) Importer(2089858483,0ecaa5967403d082aa24f35e1b516d23)
Start importing Assets/BigManJD/Platformer Tileset - Pixelart Grasslands/Tile Palette/Tiles/DirtTiles_51.asset using Guid(6cb027a9c8c1cd24083932aa76455e49) Importer(2089858483,0ecaa5967403d082aa24f35e1b516d23) Generated GUIDs only implemented for interfaces!
 -> (artifact id: '7c1c17edba13ba15a08d94204e72a2ea') in 0.036107 seconds
Number of updated asset objects reloaded before import = 0
Number of asset objects unloaded after import = 3
========================================================================
Received Import Request.
  Time since last request: 0.000031 seconds.
  path: Assets/BigManJD/Platformer Tileset - Pixelart Grasslands/Tile Palette/Tiles/GrassTiles_17.asset
  artifactKey: Guid(8a7b327dc8ebaab478dceaad882926d7) Importer(2089858483,0ecaa5967403d082aa24f35e1b516d23)
Start importing Assets/BigManJD/Platformer Tileset - Pixelart Grasslands/Tile Palette/Tiles/GrassTiles_17.asset using Guid(8a7b327dc8ebaab478dceaad882926d7) Importer(2089858483,0ecaa5967403d082aa24f35e1b516d23) Generated GUIDs only implemented for interfaces!
 -> (artifact id: 'a28e5a316116d8af2a8c9e3dc92ef4c7') in 0.021833 seconds
Number of updated asset objects reloaded before import = 0
Number of asset objects unloaded after import = 3
========================================================================
Received Import Request.
  Time since last request: 0.000044 seconds.
  path: Assets/BigManJD/Platformer Tileset - Pixelart Grasslands/Tile Palette/Tiles/DirtTiles_76.asset
  artifactKey: Guid(a59784795a5fe944bbd2e99d26f6cad4) Importer(2089858483,0ecaa5967403d082aa24f35e1b516d23)
Start importing Assets/BigManJD/Platformer Tileset - Pixelart Grasslands/Tile Palette/Tiles/DirtTiles_76.asset using Guid(a59784795a5fe944bbd2e99d26f6cad4) Importer(2089858483,0ecaa5967403d082aa24f35e1b516d23) Generated GUIDs only implemented for interfaces!
 -> (artifact id: 'bfaeba7c6b301e9c85a7ca24adcc8b91') in 0.022189 seconds
Number of updated asset objects reloaded before import = 0
Number of asset objects unloaded after import = 3
========================================================================
Received Import Request.
  Time since last request: 0.000042 seconds.
  path: Assets/BigManJD/Platformer Tileset - Pixelart Grasslands/Character/Animations/Character1/Character1Idle.anim
  artifactKey: Guid(fdd920b52ded36a488dd990e1e9068c3) Importer(2089858483,0ecaa5967403d082aa24f35e1b516d23)
Start importing Assets/BigManJD/Platformer Tileset - Pixelart Grasslands/Character/Animations/Character1/Character1Idle.anim using Guid(fdd920b52ded36a488dd990e1e9068c3) Importer(2089858483,0ecaa5967403d082aa24f35e1b516d23) Generated GUIDs only implemented for interfaces!
 -> (artifact id: '48d608450f7483feea82d3d74cccfbdd') in 0.019150 seconds
Number of updated asset objects reloaded before import = 0
Number of asset objects unloaded after import = 1
========================================================================
Received Import Request.
  Time since last request: 0.000037 seconds.
  path: Assets/BigManJD/Platformer Tileset - Pixelart Grasslands/Tile Palette/Tiles/GrassTiles_15.asset
  artifactKey: Guid(58e6458a7f3a78644a240b0889d9d4cf) Importer(2089858483,0ecaa5967403d082aa24f35e1b516d23)
Start importing Assets/BigManJD/Platformer Tileset - Pixelart Grasslands/Tile Palette/Tiles/GrassTiles_15.asset using Guid(58e6458a7f3a78644a240b0889d9d4cf) Importer(2089858483,0ecaa5967403d082aa24f35e1b516d23) Generated GUIDs only implemented for interfaces!
 -> (artifact id: '0adc5ed1cfffb42270f58a3b094c509f') in 0.018454 seconds
Number of updated asset objects reloaded before import = 0
Number of asset objects unloaded after import = 3
========================================================================
Received Import Request.
  Time since last request: 0.000025 seconds.
  path: Assets/BigManJD/Platformer Tileset - Pixelart Grasslands/Tile Palette/Tiles/GrassTiles_68.asset
  artifactKey: Guid(e8c92d709e4ad1c46b522a7de35d7fb2) Importer(2089858483,0ecaa5967403d082aa24f35e1b516d23)
Start importing Assets/BigManJD/Platformer Tileset - Pixelart Grasslands/Tile Palette/Tiles/GrassTiles_68.asset using Guid(e8c92d709e4ad1c46b522a7de35d7fb2) Importer(2089858483,0ecaa5967403d082aa24f35e1b516d23) Generated GUIDs only implemented for interfaces!
 -> (artifact id: '7bd892565258674394eaf0850a92ce12') in 0.021386 seconds
Number of updated asset objects reloaded before import = 0
Number of asset objects unloaded after import = 3
========================================================================
Received Import Request.
  Time since last request: 0.000028 seconds.
  path: Assets/BigManJD/Platformer Tileset - Pixelart Grasslands/Tile Palette/Tiles/DirtTiles_16.asset
  artifactKey: Guid(53ee903292f04824ca1f1482653b7f1c) Importer(2089858483,0ecaa5967403d082aa24f35e1b516d23)
Start importing Assets/BigManJD/Platformer Tileset - Pixelart Grasslands/Tile Palette/Tiles/DirtTiles_16.asset using Guid(53ee903292f04824ca1f1482653b7f1c) Importer(2089858483,0ecaa5967403d082aa24f35e1b516d23) Generated GUIDs only implemented for interfaces!
 -> (artifact id: '41278131ffa9154284d22972fa721989') in 0.021514 seconds
Number of updated asset objects reloaded before import = 0
Number of asset objects unloaded after import = 3
========================================================================
Received Import Request.
  Time since last request: 0.000029 seconds.
  path: Assets/BigManJD/Platformer Tileset - Pixelart Grasslands/Tile Palette/Tiles/DirtTiles_13.asset
  artifactKey: Guid(6ca293d59d6b45f47806a749ed5450ec) Importer(2089858483,0ecaa5967403d082aa24f35e1b516d23)
Start importing Assets/BigManJD/Platformer Tileset - Pixelart Grasslands/Tile Palette/Tiles/DirtTiles_13.asset using Guid(6ca293d59d6b45f47806a749ed5450ec) Importer(2089858483,0ecaa5967403d082aa24f35e1b516d23) Generated GUIDs only implemented for interfaces!
 -> (artifact id: '17de7b80dadd8ffc902f9976c4551bcc') in 0.018248 seconds
Number of updated asset objects reloaded before import = 0
Number of asset objects unloaded after import = 3
========================================================================
Received Import Request.
  Time since last request: 0.000040 seconds.
  path: Assets/BigManJD/Platformer Tileset - Pixelart Grasslands/Tile Palette/Tiles/DirtBackgroundTiles_13.asset
  artifactKey: Guid(d5291ae61f8e3434588df422dae2aa4a) Importer(2089858483,0ecaa5967403d082aa24f35e1b516d23)
Start importing Assets/BigManJD/Platformer Tileset - Pixelart Grasslands/Tile Palette/Tiles/DirtBackgroundTiles_13.asset using Guid(d5291ae61f8e3434588df422dae2aa4a) Importer(2089858483,0ecaa5967403d082aa24f35e1b516d23) Generated GUIDs only implemented for interfaces!
 -> (artifact id: 'e7966ee2611d38d3214022b143f36040') in 0.021566 seconds
Number of updated asset objects reloaded before import = 0
Number of asset objects unloaded after import = 3
========================================================================
Received Import Request.
  Time since last request: 0.000033 seconds.
  path: Assets/BigManJD/Platformer Tileset - Pixelart Grasslands/Tile Palette/Tiles/DirtTiles_14.asset
  artifactKey: Guid(044b427c61535004ead00d9acc45f4f7) Importer(2089858483,0ecaa5967403d082aa24f35e1b516d23)
Start importing Assets/BigManJD/Platformer Tileset - Pixelart Grasslands/Tile Palette/Tiles/DirtTiles_14.asset using Guid(044b427c61535004ead00d9acc45f4f7) Importer(2089858483,0ecaa5967403d082aa24f35e1b516d23) Generated GUIDs only implemented for interfaces!
 -> (artifact id: 'ef099c50bc634844cd9eb0cad6659f0c') in 0.018720 seconds
Number of updated asset objects reloaded before import = 0
Number of asset objects unloaded after import = 3
========================================================================
Received Import Request.
  Time since last request: 0.000065 seconds.
  path: Assets/BigManJD/Platformer Tileset - Pixelart Grasslands/Tile Palette/Tiles/GrassTiles_19.asset
  artifactKey: Guid(3c13cbc1524eef94dbe9452b08d5962f) Importer(2089858483,0ecaa5967403d082aa24f35e1b516d23)
Start importing Assets/BigManJD/Platformer Tileset - Pixelart Grasslands/Tile Palette/Tiles/GrassTiles_19.asset using Guid(3c13cbc1524eef94dbe9452b08d5962f) Importer(2089858483,0ecaa5967403d082aa24f35e1b516d23) Generated GUIDs only implemented for interfaces!
 -> (artifact id: '85052f17a1754690e8f1b80367e383b8') in 0.020313 seconds
Number of updated asset objects reloaded before import = 0
Number of asset objects unloaded after import = 3
========================================================================
Received Import Request.
  Time since last request: 0.000046 seconds.
  path: Assets/BigManJD/Platformer Tileset - Pixelart Grasslands/Tile Palette/Tiles/GrassTiles_99.asset
  artifactKey: Guid(4413dbc51290e7046a13bd893bc7be65) Importer(2089858483,0ecaa5967403d082aa24f35e1b516d23)
Start importing Assets/BigManJD/Platformer Tileset - Pixelart Grasslands/Tile Palette/Tiles/GrassTiles_99.asset using Guid(4413dbc51290e7046a13bd893bc7be65) Importer(2089858483,0ecaa5967403d082aa24f35e1b516d23) Generated GUIDs only implemented for interfaces!
 -> (artifact id: 'd32fc4f73fd649c36dafef4b9f19c3de') in 0.020540 seconds
Number of updated asset objects reloaded before import = 0
Number of asset objects unloaded after import = 3
========================================================================
Received Import Request.
  Time since last request: 0.000025 seconds.
  path: Assets/BigManJD/Platformer Tileset - Pixelart Grasslands/Tile Palette/Tiles/GrassTiles_21.asset
  artifactKey: Guid(2bc28e327ece77349a0cfc559f8f0edc) Importer(2089858483,0ecaa5967403d082aa24f35e1b516d23)
Start importing Assets/BigManJD/Platformer Tileset - Pixelart Grasslands/Tile Palette/Tiles/GrassTiles_21.asset using Guid(2bc28e327ece77349a0cfc559f8f0edc) Importer(2089858483,0ecaa5967403d082aa24f35e1b516d23) Generated GUIDs only implemented for interfaces!
 -> (artifact id: '6168dfe55f826695c9b644b558c8ea4b') in 0.020598 seconds
Number of updated asset objects reloaded before import = 0
Number of asset objects unloaded after import = 3
========================================================================
Received Import Request.
  Time since last request: 0.000033 seconds.
  path: Assets/BigManJD/Platformer Tileset - Pixelart Grasslands/Tile Palette/Tiles/DirtTiles_10.asset
  artifactKey: Guid(e34e4554f1592404ab9900afdb78087d) Importer(2089858483,0ecaa5967403d082aa24f35e1b516d23)
Start importing Assets/BigManJD/Platformer Tileset - Pixelart Grasslands/Tile Palette/Tiles/DirtTiles_10.asset using Guid(e34e4554f1592404ab9900afdb78087d) Importer(2089858483,0ecaa5967403d082aa24f35e1b516d23) Generated GUIDs only implemented for interfaces!
 -> (artifact id: '263af0275ec74c788887db2540c658f0') in 0.021533 seconds
Number of updated asset objects reloaded before import = 0
Number of asset objects unloaded after import = 3
========================================================================
Received Import Request.
  Time since last request: 0.000020 seconds.
  path: Assets/BigManJD/Platformer Tileset - Pixelart Grasslands/Tile Palette/Tiles/GrassTiles_93.asset
  artifactKey: Guid(61b125d00731f584198c834155986035) Importer(2089858483,0ecaa5967403d082aa24f35e1b516d23)
Start importing Assets/BigManJD/Platformer Tileset - Pixelart Grasslands/Tile Palette/Tiles/GrassTiles_93.asset using Guid(61b125d00731f584198c834155986035) Importer(2089858483,0ecaa5967403d082aa24f35e1b516d23) Generated GUIDs only implemented for interfaces!
 -> (artifact id: '80e9191ef134e7fea6a1e7ae606d1bd8') in 0.020048 seconds
Number of updated asset objects reloaded before import = 0
Number of asset objects unloaded after import = 3
========================================================================
Received Import Request.
  Time since last request: 0.000031 seconds.
  path: Assets/BigManJD/Platformer Tileset - Pixelart Grasslands/Enemy/Animations/EnemyIdle.anim
  artifactKey: Guid(9c3cef0b9581a3048aaab28c11ad40f3) Importer(2089858483,0ecaa5967403d082aa24f35e1b516d23)
Start importing Assets/BigManJD/Platformer Tileset - Pixelart Grasslands/Enemy/Animations/EnemyIdle.anim using Guid(9c3cef0b9581a3048aaab28c11ad40f3) Importer(2089858483,0ecaa5967403d082aa24f35e1b516d23) Generated GUIDs only implemented for interfaces!
 -> (artifact id: '394b14ecd4ec4fe15e33942893d0a1ff') in 0.018604 seconds
Number of updated asset objects reloaded before import = 0
Number of asset objects unloaded after import = 1
========================================================================
Received Import Request.
  Time since last request: 0.000029 seconds.
  path: Assets/BigManJD/Platformer Tileset - Pixelart Grasslands/Tile Palette/Tiles/GrassTiles_41.asset
  artifactKey: Guid(41ad9e1cfa478534eb4fe5b99884f07e) Importer(2089858483,0ecaa5967403d082aa24f35e1b516d23)
Start importing Assets/BigManJD/Platformer Tileset - Pixelart Grasslands/Tile Palette/Tiles/GrassTiles_41.asset using Guid(41ad9e1cfa478534eb4fe5b99884f07e) Importer(2089858483,0ecaa5967403d082aa24f35e1b516d23) Generated GUIDs only implemented for interfaces!
 -> (artifact id: 'd7e34484cfef81aa7d7240f72f0cef9f') in 0.020201 seconds
Number of updated asset objects reloaded before import = 0
Number of asset objects unloaded after import = 3
========================================================================
Received Import Request.
  Time since last request: 0.000029 seconds.
  path: Assets/BigManJD/Platformer Tileset - Pixelart Grasslands/Tile Palette/Tiles/GrassTiles_59.asset
  artifactKey: Guid(edd77d61d9da36548b42dc48a25ba656) Importer(2089858483,0ecaa5967403d082aa24f35e1b516d23)
Start importing Assets/BigManJD/Platformer Tileset - Pixelart Grasslands/Tile Palette/Tiles/GrassTiles_59.asset using Guid(edd77d61d9da36548b42dc48a25ba656) Importer(2089858483,0ecaa5967403d082aa24f35e1b516d23) Generated GUIDs only implemented for interfaces!
 -> (artifact id: '349270158336b18ad96cf9b7e53a115c') in 0.019553 seconds
Number of updated asset objects reloaded before import = 0
Number of asset objects unloaded after import = 3
========================================================================
Received Import Request.
  Time since last request: 0.000027 seconds.
  path: Assets/BigManJD/Platformer Tileset - Pixelart Grasslands/Tile Palette/Tiles/DirtTiles_56.asset
  artifactKey: Guid(9fd35846c203e464db56c1b9e46f9cdf) Importer(2089858483,0ecaa5967403d082aa24f35e1b516d23)
Start importing Assets/BigManJD/Platformer Tileset - Pixelart Grasslands/Tile Palette/Tiles/DirtTiles_56.asset using Guid(9fd35846c203e464db56c1b9e46f9cdf) Importer(2089858483,0ecaa5967403d082aa24f35e1b516d23) Generated GUIDs only implemented for interfaces!
 -> (artifact id: '2d21a961a8012555a80c9bf77a8f5bab') in 0.019941 seconds
Number of updated asset objects reloaded before import = 0
Number of asset objects unloaded after import = 3
========================================================================
Received Import Request.
  Time since last request: 0.000032 seconds.
  path: Assets/BigManJD/Platformer Tileset - Pixelart Grasslands/Tile Palette/Tiles/GrassTiles_81.asset
  artifactKey: Guid(77ed86b7f6cf03e4795c8436cfab0e96) Importer(2089858483,0ecaa5967403d082aa24f35e1b516d23)
Start importing Assets/BigManJD/Platformer Tileset - Pixelart Grasslands/Tile Palette/Tiles/GrassTiles_81.asset using Guid(77ed86b7f6cf03e4795c8436cfab0e96) Importer(2089858483,0ecaa5967403d082aa24f35e1b516d23) Generated GUIDs only implemented for interfaces!
 -> (artifact id: 'f900e5880a0fd0307a366622033c703d') in 0.018318 seconds
Number of updated asset objects reloaded before import = 0
Number of asset objects unloaded after import = 3
========================================================================
Received Import Request.
  Time since last request: 0.000030 seconds.
  path: Assets/BigManJD/Platformer Tileset - Pixelart Grasslands/Tile Palette/Tiles/SpikeTiles_0.asset
  artifactKey: Guid(ffc2cfe5fec62014ab67b48011b603ec) Importer(2089858483,0ecaa5967403d082aa24f35e1b516d23)
Start importing Assets/BigManJD/Platformer Tileset - Pixelart Grasslands/Tile Palette/Tiles/SpikeTiles_0.asset using Guid(ffc2cfe5fec62014ab67b48011b603ec) Importer(2089858483,0ecaa5967403d082aa24f35e1b516d23) Generated GUIDs only implemented for interfaces!
 -> (artifact id: 'bb145086390f8a7447053d5919030638') in 0.021111 seconds
Number of updated asset objects reloaded before import = 0
Number of asset objects unloaded after import = 3
========================================================================
Received Import Request.
  Time since last request: 0.000018 seconds.
  path: Assets/BigManJD/Platformer Tileset - Pixelart Grasslands/Tile Palette/Tiles/DirtTiles_42.asset
  artifactKey: Guid(a64acc11f05c02e41b34fedd3be1f231) Importer(2089858483,0ecaa5967403d082aa24f35e1b516d23)
Start importing Assets/BigManJD/Platformer Tileset - Pixelart Grasslands/Tile Palette/Tiles/DirtTiles_42.asset using Guid(a64acc11f05c02e41b34fedd3be1f231) Importer(2089858483,0ecaa5967403d082aa24f35e1b516d23) Generated GUIDs only implemented for interfaces!
 -> (artifact id: '043b8789bceddf30e845d9363a30c302') in 0.021373 seconds
Number of updated asset objects reloaded before import = 0
Number of asset objects unloaded after import = 3
========================================================================
Received Import Request.
  Time since last request: 0.000027 seconds.
  path: Assets/BigManJD/Platformer Tileset - Pixelart Grasslands/Tile Palette/Tiles/GrassTiles_80.asset
  artifactKey: Guid(c9e476a64beddb6479fc3a9488676148) Importer(2089858483,0ecaa5967403d082aa24f35e1b516d23)
Start importing Assets/BigManJD/Platformer Tileset - Pixelart Grasslands/Tile Palette/Tiles/GrassTiles_80.asset using Guid(c9e476a64beddb6479fc3a9488676148) Importer(2089858483,0ecaa5967403d082aa24f35e1b516d23) Generated GUIDs only implemented for interfaces!
 -> (artifact id: '9915c3815200bc9f0478e690d18f515f') in 0.020071 seconds
Number of updated asset objects reloaded before import = 0
Number of asset objects unloaded after import = 3
========================================================================
Received Import Request.
  Time since last request: 0.000040 seconds.
  path: Assets/BigManJD/Platformer Tileset - Pixelart Grasslands/Sprites/Textures/Decor/Decor.png
  artifactKey: Guid(198c5cf9dad20144995fd44cf395c218) Importer(2089858483,0ecaa5967403d082aa24f35e1b516d23)
Start importing Assets/BigManJD/Platformer Tileset - Pixelart Grasslands/Sprites/Textures/Decor/Decor.png using Guid(198c5cf9dad20144995fd44cf395c218) Importer(2089858483,0ecaa5967403d082aa24f35e1b516d23) Generated GUIDs only implemented for interfaces!
 -> (artifact id: '123a8d6cc026a3668700de283d45344c') in 0.042779 seconds
Number of updated asset objects reloaded before import = 0
Number of asset objects unloaded after import = 11
========================================================================
Received Import Request.
  Time since last request: 0.000020 seconds.
  path: Assets/BigManJD/Platformer Tileset - Pixelart Grasslands/Tile Palette/Tiles/DirtBackgroundTiles_27.asset
  artifactKey: Guid(d009e9c6c73202047b31255aefc60e65) Importer(2089858483,0ecaa5967403d082aa24f35e1b516d23)
Start importing Assets/BigManJD/Platformer Tileset - Pixelart Grasslands/Tile Palette/Tiles/DirtBackgroundTiles_27.asset using Guid(d009e9c6c73202047b31255aefc60e65) Importer(2089858483,0ecaa5967403d082aa24f35e1b516d23) Generated GUIDs only implemented for interfaces!
 -> (artifact id: 'f3fb7f132a48c407bb9e328ff2143399') in 0.015480 seconds
Number of updated asset objects reloaded before import = 0
Number of asset objects unloaded after import = 3
========================================================================
Received Import Request.
  Time since last request: 0.000039 seconds.
  path: Assets/BigManJD/Platformer Tileset - Pixelart Grasslands/Tile Palette/Tiles/GrassTiles_84.asset
  artifactKey: Guid(e7972bd264aedd34999dc1070f1acff6) Importer(2089858483,0ecaa5967403d082aa24f35e1b516d23)
Start importing Assets/BigManJD/Platformer Tileset - Pixelart Grasslands/Tile Palette/Tiles/GrassTiles_84.asset using Guid(e7972bd264aedd34999dc1070f1acff6) Importer(2089858483,0ecaa5967403d082aa24f35e1b516d23) Generated GUIDs only implemented for interfaces!
 -> (artifact id: '48a63f3052752aa58737a40177682100') in 0.013991 seconds
Number of updated asset objects reloaded before import = 0
Number of asset objects unloaded after import = 3
========================================================================
Received Import Request.
  Time since last request: 0.000030 seconds.
  path: Assets/BigManJD/Platformer Tileset - Pixelart Grasslands/Character/Animations/Character2/Character2Run.anim
  artifactKey: Guid(bd2943c54a7f1b44ab49692e9599a68b) Importer(2089858483,0ecaa5967403d082aa24f35e1b516d23)
Start importing Assets/BigManJD/Platformer Tileset - Pixelart Grasslands/Character/Animations/Character2/Character2Run.anim using Guid(bd2943c54a7f1b44ab49692e9599a68b) Importer(2089858483,0ecaa5967403d082aa24f35e1b516d23) Generated GUIDs only implemented for interfaces!
 -> (artifact id: '69a13581b716f7b67bca4fffa9f701ca') in 0.018685 seconds
Number of updated asset objects reloaded before import = 0
Number of asset objects unloaded after import = 1
========================================================================
Received Import Request.
  Time since last request: 0.000052 seconds.
  path: Assets/BigManJD/Platformer Tileset - Pixelart Grasslands/Tile Palette/Tiles/DirtTiles_69.asset
  artifactKey: Guid(8f39f76a328d0374290a63a2caa85ed3) Importer(2089858483,0ecaa5967403d082aa24f35e1b516d23)
Start importing Assets/BigManJD/Platformer Tileset - Pixelart Grasslands/Tile Palette/Tiles/DirtTiles_69.asset using Guid(8f39f76a328d0374290a63a2caa85ed3) Importer(2089858483,0ecaa5967403d082aa24f35e1b516d23) Generated GUIDs only implemented for interfaces!
 -> (artifact id: 'ce44a83b51c6b7899969d0e7233c0c7d') in 0.018872 seconds
Number of updated asset objects reloaded before import = 0
Number of asset objects unloaded after import = 3
========================================================================
Received Import Request.
  Time since last request: 0.000031 seconds.
  path: Assets/BigManJD/Platformer Tileset - Pixelart Grasslands/Tile Palette/Tiles/GrassTiles_33.asset
  artifactKey: Guid(a0c759f7ff853e74dbd673476fe0acd9) Importer(2089858483,0ecaa5967403d082aa24f35e1b516d23)
Start importing Assets/BigManJD/Platformer Tileset - Pixelart Grasslands/Tile Palette/Tiles/GrassTiles_33.asset using Guid(a0c759f7ff853e74dbd673476fe0acd9) Importer(2089858483,0ecaa5967403d082aa24f35e1b516d23) Generated GUIDs only implemented for interfaces!
 -> (artifact id: '79fe33e32f40ae6d4e833873011128c4') in 0.020430 seconds
Number of updated asset objects reloaded before import = 0
Number of asset objects unloaded after import = 3
========================================================================
Received Import Request.
  Time since last request: 0.000021 seconds.
  path: Assets/BigManJD/Platformer Tileset - Pixelart Grasslands/Tile Palette/Tiles/DirtTiles_12.asset
  artifactKey: Guid(e47ce4d3456e38645a79fb703e8003f9) Importer(2089858483,0ecaa5967403d082aa24f35e1b516d23)
Start importing Assets/BigManJD/Platformer Tileset - Pixelart Grasslands/Tile Palette/Tiles/DirtTiles_12.asset using Guid(e47ce4d3456e38645a79fb703e8003f9) Importer(2089858483,0ecaa5967403d082aa24f35e1b516d23) Generated GUIDs only implemented for interfaces!
 -> (artifact id: 'dd4827878a5e79d180fa198a4243c4a6') in 0.022617 seconds
Number of updated asset objects reloaded before import = 0
Number of asset objects unloaded after import = 3
========================================================================
Received Import Request.
  Time since last request: 0.000023 seconds.
  path: Assets/BigManJD/Platformer Tileset - Pixelart Grasslands/Tile Palette/Tiles/DirtTiles_23.asset
  artifactKey: Guid(6cdf234b23c203945869a8dd445597b9) Importer(2089858483,0ecaa5967403d082aa24f35e1b516d23)
Start importing Assets/BigManJD/Platformer Tileset - Pixelart Grasslands/Tile Palette/Tiles/DirtTiles_23.asset using Guid(6cdf234b23c203945869a8dd445597b9) Importer(2089858483,0ecaa5967403d082aa24f35e1b516d23) Generated GUIDs only implemented for interfaces!
 -> (artifact id: '2134978476bf8e9da8968507b81f4289') in 0.022775 seconds
Number of updated asset objects reloaded before import = 0
Number of asset objects unloaded after import = 3
========================================================================
Received Import Request.
  Time since last request: 0.000047 seconds.
  path: Assets/BigManJD/Platformer Tileset - Pixelart Grasslands/Tile Palette/Tiles/GrassTiles_66.asset
  artifactKey: Guid(81d04814ee4b8e54a83cd9b3bfc8de96) Importer(2089858483,0ecaa5967403d082aa24f35e1b516d23)
Start importing Assets/BigManJD/Platformer Tileset - Pixelart Grasslands/Tile Palette/Tiles/GrassTiles_66.asset using Guid(81d04814ee4b8e54a83cd9b3bfc8de96) Importer(2089858483,0ecaa5967403d082aa24f35e1b516d23) Generated GUIDs only implemented for interfaces!
 -> (artifact id: '3f0450b087553c381e78d86f457fbfc1') in 0.021730 seconds
Number of updated asset objects reloaded before import = 0
Number of asset objects unloaded after import = 3
========================================================================
Received Import Request.
  Time since last request: 0.000026 seconds.
  path: Assets/BigManJD/Platformer Tileset - Pixelart Grasslands/Tile Palette/Tiles/DirtTiles_40.asset
  artifactKey: Guid(c8d5c86e6e427a04cb46e18d6b3d5f0c) Importer(2089858483,0ecaa5967403d082aa24f35e1b516d23)
Start importing Assets/BigManJD/Platformer Tileset - Pixelart Grasslands/Tile Palette/Tiles/DirtTiles_40.asset using Guid(c8d5c86e6e427a04cb46e18d6b3d5f0c) Importer(2089858483,0ecaa5967403d082aa24f35e1b516d23) Generated GUIDs only implemented for interfaces!
 -> (artifact id: 'b33d65e7aab5c0c2f80fadf8e4073f7a') in 0.022949 seconds
Number of updated asset objects reloaded before import = 0
Number of asset objects unloaded after import = 3
========================================================================
Received Import Request.
  Time since last request: 0.000036 seconds.
  path: Assets/BigManJD/Platformer Tileset - Pixelart Grasslands/Tile Palette/Tiles/GrassTiles_97.asset
  artifactKey: Guid(7214ca6f198eb3b4bbf80ce2f041cbff) Importer(2089858483,0ecaa5967403d082aa24f35e1b516d23)
Start importing Assets/BigManJD/Platformer Tileset - Pixelart Grasslands/Tile Palette/Tiles/GrassTiles_97.asset using Guid(7214ca6f198eb3b4bbf80ce2f041cbff) Importer(2089858483,0ecaa5967403d082aa24f35e1b516d23) Generated GUIDs only implemented for interfaces!
 -> (artifact id: '2ced2660acc97dc1b2aa590d9b873e78') in 0.022474 seconds
Number of updated asset objects reloaded before import = 0
Number of asset objects unloaded after import = 3
========================================================================
Received Import Request.
  Time since last request: 0.000044 seconds.
  path: Assets/BigManJD/Platformer Tileset - Pixelart Grasslands/Background
  artifactKey: Guid(6adbfbab162026f4cb829740e1e90207) Importer(2089858483,0ecaa5967403d082aa24f35e1b516d23)
Start importing Assets/BigManJD/Platformer Tileset - Pixelart Grasslands/Background using Guid(6adbfbab162026f4cb829740e1e90207) Importer(2089858483,0ecaa5967403d082aa24f35e1b516d23) Generated GUIDs only implemented for interfaces!
 -> (artifact id: '203022192eabda5f947a1d6c02792d9f') in 0.018245 seconds
Number of updated asset objects reloaded before import = 0
Number of asset objects unloaded after import = 1
========================================================================
Received Import Request.
  Time since last request: 0.000029 seconds.
  path: Assets/BigManJD/Platformer Tileset - Pixelart Grasslands/Background/Background4.png
  artifactKey: Guid(0b211dc3d14c1ba459b21a44e5038f46) Importer(2089858483,0ecaa5967403d082aa24f35e1b516d23)
Start importing Assets/BigManJD/Platformer Tileset - Pixelart Grasslands/Background/Background4.png using Guid(0b211dc3d14c1ba459b21a44e5038f46) Importer(2089858483,0ecaa5967403d082aa24f35e1b516d23) Generated GUIDs only implemented for interfaces!
 -> (artifact id: 'b9fe526ec0af4bc1422a16a3166f7263') in 0.038216 seconds
Number of updated asset objects reloaded before import = 0
Number of asset objects unloaded after import = 3
========================================================================
Received Import Request.
  Time since last request: 0.000041 seconds.
  path: Assets/BigManJD/Platformer Tileset - Pixelart Grasslands/Tile Palette/Tiles/DirtBackgroundTiles_0.asset
  artifactKey: Guid(0bba56b50b4245742bf05b551cc53ee9) Importer(2089858483,0ecaa5967403d082aa24f35e1b516d23)
Start importing Assets/BigManJD/Platformer Tileset - Pixelart Grasslands/Tile Palette/Tiles/DirtBackgroundTiles_0.asset using Guid(0bba56b50b4245742bf05b551cc53ee9) Importer(2089858483,0ecaa5967403d082aa24f35e1b516d23) Generated GUIDs only implemented for interfaces!
 -> (artifact id: 'f332eefa0a89883c1ffad7e432189555') in 0.021723 seconds
Number of updated asset objects reloaded before import = 0
Number of asset objects unloaded after import = 3
========================================================================
Received Import Request.
  Time since last request: 0.000060 seconds.
  path: Assets/BigManJD/Platformer Tileset - Pixelart Grasslands/Tile Palette/Tiles/DirtBackgroundTiles_39.asset
  artifactKey: Guid(3ed25bc14687d4f49a8c5eb7084f0f50) Importer(2089858483,0ecaa5967403d082aa24f35e1b516d23)
Start importing Assets/BigManJD/Platformer Tileset - Pixelart Grasslands/Tile Palette/Tiles/DirtBackgroundTiles_39.asset using Guid(3ed25bc14687d4f49a8c5eb7084f0f50) Importer(2089858483,0ecaa5967403d082aa24f35e1b516d23) Generated GUIDs only implemented for interfaces!
 -> (artifact id: '6d4bf77a68c437dc74667237634e8ce5') in 0.021965 seconds
Number of updated asset objects reloaded before import = 0
Number of asset objects unloaded after import = 3
========================================================================
Received Import Request.
  Time since last request: 0.000020 seconds.
  path: Assets/BigManJD/Platformer Tileset - Pixelart Grasslands/Tile Palette/Tiles/GrassTiles_104.asset
  artifactKey: Guid(3f6096760d3ca0d449d29c6a2a612e2b) Importer(2089858483,0ecaa5967403d082aa24f35e1b516d23)
Start importing Assets/BigManJD/Platformer Tileset - Pixelart Grasslands/Tile Palette/Tiles/GrassTiles_104.asset using Guid(3f6096760d3ca0d449d29c6a2a612e2b) Importer(2089858483,0ecaa5967403d082aa24f35e1b516d23) Generated GUIDs only implemented for interfaces!
 -> (artifact id: 'b8e341d0e3c3d2303339bd9586555e67') in 0.021653 seconds
Number of updated asset objects reloaded before import = 0
Number of asset objects unloaded after import = 3
========================================================================
Received Import Request.
  Time since last request: 0.000029 seconds.
  path: Assets/BigManJD/Platformer Tileset - Pixelart Grasslands/Tile Palette/Tiles/DirtTiles_5.asset
  artifactKey: Guid(01757a4546b5ecb46894344a9526588d) Importer(2089858483,0ecaa5967403d082aa24f35e1b516d23)
Start importing Assets/BigManJD/Platformer Tileset - Pixelart Grasslands/Tile Palette/Tiles/DirtTiles_5.asset using Guid(01757a4546b5ecb46894344a9526588d) Importer(2089858483,0ecaa5967403d082aa24f35e1b516d23) Generated GUIDs only implemented for interfaces!
 -> (artifact id: '8514c3c78d60b508f21fda6a768f6c0b') in 0.023109 seconds
Number of updated asset objects reloaded before import = 0
Number of asset objects unloaded after import = 3
========================================================================
Received Import Request.
  Time since last request: 0.000032 seconds.
  path: Assets/BigManJD/Platformer Tileset - Pixelart Grasslands/Prefabs/Rock3.prefab
  artifactKey: Guid(6accc788deb588846bc4f6768c625fc7) Importer(2089858483,0ecaa5967403d082aa24f35e1b516d23)
Start importing Assets/BigManJD/Platformer Tileset - Pixelart Grasslands/Prefabs/Rock3.prefab using Guid(6accc788deb588846bc4f6768c625fc7) Importer(2089858483,0ecaa5967403d082aa24f35e1b516d23) Generated GUIDs only implemented for interfaces!
 -> (artifact id: 'e30f7ce05531a28c4a02b183cdc7f0b7') in 0.028161 seconds
Number of updated asset objects reloaded before import = 0
Number of asset objects unloaded after import = 7
========================================================================
Received Import Request.
  Time since last request: 0.000035 seconds.
  path: Assets/BigManJD/Platformer Tileset - Pixelart Grasslands/Tile Palette/Tiles/DirtTiles_15.asset
  artifactKey: Guid(3029d6a293506cb41a289facfd88cf60) Importer(2089858483,0ecaa5967403d082aa24f35e1b516d23)
Start importing Assets/BigManJD/Platformer Tileset - Pixelart Grasslands/Tile Palette/Tiles/DirtTiles_15.asset using Guid(3029d6a293506cb41a289facfd88cf60) Importer(2089858483,0ecaa5967403d082aa24f35e1b516d23) Generated GUIDs only implemented for interfaces!
 -> (artifact id: '26b021c8a54c42960df4d59a6deb5b6d') in 0.021295 seconds
Number of updated asset objects reloaded before import = 0
Number of asset objects unloaded after import = 3
========================================================================
Received Import Request.
  Time since last request: 0.000043 seconds.
  path: Assets/BigManJD/Platformer Tileset - Pixelart Grasslands/Tile Palette/Tiles/DirtTiles_48.asset
  artifactKey: Guid(16fed9c63bdbd7049b2d07bc52825d3f) Importer(2089858483,0ecaa5967403d082aa24f35e1b516d23)
Start importing Assets/BigManJD/Platformer Tileset - Pixelart Grasslands/Tile Palette/Tiles/DirtTiles_48.asset using Guid(16fed9c63bdbd7049b2d07bc52825d3f) Importer(2089858483,0ecaa5967403d082aa24f35e1b516d23) Generated GUIDs only implemented for interfaces!
 -> (artifact id: '9efbc1c3f77e2458b2b1b12f507bc8c4') in 0.018750 seconds
Number of updated asset objects reloaded before import = 0
Number of asset objects unloaded after import = 3
========================================================================
Received Import Request.
  Time since last request: 0.000045 seconds.
  path: Assets/BigManJD/Platformer Tileset - Pixelart Grasslands/Tile Palette/Tiles/DirtBackgroundTiles_31.asset
  artifactKey: Guid(8b2c4c88c7d237c42b1446a9dcaaa9b4) Importer(2089858483,0ecaa5967403d082aa24f35e1b516d23)
Start importing Assets/BigManJD/Platformer Tileset - Pixelart Grasslands/Tile Palette/Tiles/DirtBackgroundTiles_31.asset using Guid(8b2c4c88c7d237c42b1446a9dcaaa9b4) Importer(2089858483,0ecaa5967403d082aa24f35e1b516d23) Generated GUIDs only implemented for interfaces!
 -> (artifact id: '2e9c169744b5777deeed30fba9f783d8') in 0.021110 seconds
Number of updated asset objects reloaded before import = 0
Number of asset objects unloaded after import = 3
========================================================================
Received Import Request.
  Time since last request: 0.000028 seconds.
  path: Assets/BigManJD/Platformer Tileset - Pixelart Grasslands/Scenes
  artifactKey: Guid(02e6828e1955faf4b8ba68a1935bdce3) Importer(2089858483,0ecaa5967403d082aa24f35e1b516d23)
Start importing Assets/BigManJD/Platformer Tileset - Pixelart Grasslands/Scenes using Guid(02e6828e1955faf4b8ba68a1935bdce3) Importer(2089858483,0ecaa5967403d082aa24f35e1b516d23) Generated GUIDs only implemented for interfaces!
 -> (artifact id: 'fff9e62a3d79ebd0bee52d9b3c17f58b') in 0.020061 seconds
Number of updated asset objects reloaded before import = 0
Number of asset objects unloaded after import = 1
========================================================================
Received Import Request.
  Time since last request: 0.000039 seconds.
  path: Assets/BigManJD/Platformer Tileset - Pixelart Grasslands/Tile Palette/Tiles/DirtTiles_49.asset
  artifactKey: Guid(b2faca83df145944a8cb0a2dc08e4d0b) Importer(2089858483,0ecaa5967403d082aa24f35e1b516d23)
Start importing Assets/BigManJD/Platformer Tileset - Pixelart Grasslands/Tile Palette/Tiles/DirtTiles_49.asset using Guid(b2faca83df145944a8cb0a2dc08e4d0b) Importer(2089858483,0ecaa5967403d082aa24f35e1b516d23) Generated GUIDs only implemented for interfaces!
 -> (artifact id: '1bb0bc62efbdb3c63cbac3340ca80af5') in 0.018436 seconds
Number of updated asset objects reloaded before import = 0
Number of asset objects unloaded after import = 3
========================================================================
Received Import Request.
  Time since last request: 0.000041 seconds.
  path: Assets/BigManJD/Platformer Tileset - Pixelart Grasslands/Tile Palette/Tiles/GrassTiles_63.asset
  artifactKey: Guid(40e3079d4f712614aac69666b0f8efd0) Importer(2089858483,0ecaa5967403d082aa24f35e1b516d23)
Start importing Assets/BigManJD/Platformer Tileset - Pixelart Grasslands/Tile Palette/Tiles/GrassTiles_63.asset using Guid(40e3079d4f712614aac69666b0f8efd0) Importer(2089858483,0ecaa5967403d082aa24f35e1b516d23) Generated GUIDs only implemented for interfaces!
 -> (artifact id: 'dc944a55683ca17dd1fc561dbb3bd9a6') in 0.020967 seconds
Number of updated asset objects reloaded before import = 0
Number of asset objects unloaded after import = 3
========================================================================
Received Import Request.
  Time since last request: 0.000027 seconds.
  path: Assets/BigManJD/Platformer Tileset - Pixelart Grasslands/Prefabs/WoodenSign.prefab
  artifactKey: Guid(3f0733b56e08e8c4a852b694cbbc24a5) Importer(2089858483,0ecaa5967403d082aa24f35e1b516d23)
Start importing Assets/BigManJD/Platformer Tileset - Pixelart Grasslands/Prefabs/WoodenSign.prefab using Guid(3f0733b56e08e8c4a852b694cbbc24a5) Importer(2089858483,0ecaa5967403d082aa24f35e1b516d23) Generated GUIDs only implemented for interfaces!
 -> (artifact id: '918efee2816d264c3468571758aef164') in 0.021995 seconds
Number of updated asset objects reloaded before import = 0
Number of asset objects unloaded after import = 7
========================================================================
Received Import Request.
  Time since last request: 0.000042 seconds.
  path: Assets/BigManJD/Platformer Tileset - Pixelart Grasslands/Tile Palette/Tiles/GrassTiles_2.asset
  artifactKey: Guid(a011ed0d58779144cbb147c2ac06380e) Importer(2089858483,0ecaa5967403d082aa24f35e1b516d23)
Start importing Assets/BigManJD/Platformer Tileset - Pixelart Grasslands/Tile Palette/Tiles/GrassTiles_2.asset using Guid(a011ed0d58779144cbb147c2ac06380e) Importer(2089858483,0ecaa5967403d082aa24f35e1b516d23) Generated GUIDs only implemented for interfaces!
 -> (artifact id: '5fbcecd7fa2ded8e0d8f4f446f7a9fab') in 0.019851 seconds
Number of updated asset objects reloaded before import = 0
Number of asset objects unloaded after import = 3
========================================================================
Received Import Request.
  Time since last request: 0.000025 seconds.
  path: Assets/BigManJD/Platformer Tileset - Pixelart Grasslands/Scenes/Demo Level.unity
  artifactKey: Guid(f2dff846673e50442bf59ef0bace187c) Importer(2089858483,0ecaa5967403d082aa24f35e1b516d23)
Start importing Assets/BigManJD/Platformer Tileset - Pixelart Grasslands/Scenes/Demo Level.unity using Guid(f2dff846673e50442bf59ef0bace187c) Importer(2089858483,0ecaa5967403d082aa24f35e1b516d23) Generated GUIDs only implemented for interfaces!
 -> (artifact id: 'e001d3dac7e2b250e72fd6dc84e2b190') in 0.019436 seconds
Number of updated asset objects reloaded before import = 0
Number of asset objects unloaded after import = 1
========================================================================
Received Import Request.
  Time since last request: 0.000072 seconds.
  path: Assets/BigManJD/Platformer Tileset - Pixelart Grasslands/Background/Background5.png
  artifactKey: Guid(0fbbe850674cd2342a0debf3a96b5810) Importer(2089858483,0ecaa5967403d082aa24f35e1b516d23)
Start importing Assets/BigManJD/Platformer Tileset - Pixelart Grasslands/Background/Background5.png using Guid(0fbbe850674cd2342a0debf3a96b5810) Importer(2089858483,0ecaa5967403d082aa24f35e1b516d23) Generated GUIDs only implemented for interfaces!
 -> (artifact id: 'cc769fc8a7f8c12bf36fd7e5be3d790d') in 0.034789 seconds
Number of updated asset objects reloaded before import = 0
Number of asset objects unloaded after import = 3
========================================================================
Received Import Request.
  Time since last request: 0.000018 seconds.
  path: Assets/BigManJD/Platformer Tileset - Pixelart Grasslands/Enemy/EnemySheet.png
  artifactKey: Guid(fc1d67a4622f38e4a97f5152c1977ca9) Importer(2089858483,0ecaa5967403d082aa24f35e1b516d23)
Start importing Assets/BigManJD/Platformer Tileset - Pixelart Grasslands/Enemy/EnemySheet.png using Guid(fc1d67a4622f38e4a97f5152c1977ca9) Importer(2089858483,0ecaa5967403d082aa24f35e1b516d23) Generated GUIDs only implemented for interfaces!
 -> (artifact id: '754675989c9cbe08e0d1771e261dd80e') in 0.042836 seconds
Number of updated asset objects reloaded before import = 0
Number of asset objects unloaded after import = 5
========================================================================
Received Import Request.
  Time since last request: 0.000051 seconds.
  path: Assets/BigManJD/Platformer Tileset - Pixelart Grasslands/Tile Palette/Tiles/DirtTiles_21.asset
  artifactKey: Guid(9c6312041cf15a942a6b9cdef9415838) Importer(2089858483,0ecaa5967403d082aa24f35e1b516d23)
Start importing Assets/BigManJD/Platformer Tileset - Pixelart Grasslands/Tile Palette/Tiles/DirtTiles_21.asset using Guid(9c6312041cf15a942a6b9cdef9415838) Importer(2089858483,0ecaa5967403d082aa24f35e1b516d23) Generated GUIDs only implemented for interfaces!
 -> (artifact id: '461b32fc4ccef96eb56cc350f93e99f5') in 0.022209 seconds
Number of updated asset objects reloaded before import = 0
Number of asset objects unloaded after import = 3
========================================================================
Received Import Request.
  Time since last request: 0.000034 seconds.
  path: Assets/BigManJD/Platformer Tileset - Pixelart Grasslands/Tile Palette/Tiles/DirtTiles_26.asset
  artifactKey: Guid(2c7f2e6206496324ba2b63f72e7cd7d7) Importer(2089858483,0ecaa5967403d082aa24f35e1b516d23)
Start importing Assets/BigManJD/Platformer Tileset - Pixelart Grasslands/Tile Palette/Tiles/DirtTiles_26.asset using Guid(2c7f2e6206496324ba2b63f72e7cd7d7) Importer(2089858483,0ecaa5967403d082aa24f35e1b516d23) Generated GUIDs only implemented for interfaces!
 -> (artifact id: '8f8f6756b2d04490ab136fe83dda404e') in 0.018917 seconds
Number of updated asset objects reloaded before import = 0
Number of asset objects unloaded after import = 3
========================================================================
Received Import Request.
  Time since last request: 0.000032 seconds.
  path: Assets/BigManJD/Platformer Tileset - Pixelart Grasslands/Tile Palette
  artifactKey: Guid(2899f43c663fda544b030326e2bb8e4f) Importer(2089858483,0ecaa5967403d082aa24f35e1b516d23)
Start importing Assets/BigManJD/Platformer Tileset - Pixelart Grasslands/Tile Palette using Guid(2899f43c663fda544b030326e2bb8e4f) Importer(2089858483,0ecaa5967403d082aa24f35e1b516d23) Generated GUIDs only implemented for interfaces!
 -> (artifact id: '5ea501cf68f2b9a4b09b49911f63db9e') in 0.019032 seconds
Number of updated asset objects reloaded before import = 0
Number of asset objects unloaded after import = 1
========================================================================
Received Import Request.
  Time since last request: 0.000051 seconds.
  path: Assets/BigManJD/Platformer Tileset - Pixelart Grasslands/Tile Palette/Tiles/DirtTiles_84.asset
  artifactKey: Guid(3668c7a44594fe34ba26a47504ceb4eb) Importer(2089858483,0ecaa5967403d082aa24f35e1b516d23)
Start importing Assets/BigManJD/Platformer Tileset - Pixelart Grasslands/Tile Palette/Tiles/DirtTiles_84.asset using Guid(3668c7a44594fe34ba26a47504ceb4eb) Importer(2089858483,0ecaa5967403d082aa24f35e1b516d23) Generated GUIDs only implemented for interfaces!
 -> (artifact id: 'aa70d4d8a3197446c3a620fc4cc2063d') in 0.023474 seconds
Number of updated asset objects reloaded before import = 0
Number of asset objects unloaded after import = 3
========================================================================
Received Import Request.
  Time since last request: 0.000039 seconds.
  path: Assets/BigManJD/Platformer Tileset - Pixelart Grasslands/Tile Palette/Tiles/GrassTiles_43.asset
  artifactKey: Guid(31a88ac11c790474796a9b48307a99eb) Importer(2089858483,0ecaa5967403d082aa24f35e1b516d23)
Start importing Assets/BigManJD/Platformer Tileset - Pixelart Grasslands/Tile Palette/Tiles/GrassTiles_43.asset using Guid(31a88ac11c790474796a9b48307a99eb) Importer(2089858483,0ecaa5967403d082aa24f35e1b516d23) Generated GUIDs only implemented for interfaces!
 -> (artifact id: '3b7c7b1b35c8107d60af1e7338b82651') in 0.018266 seconds
Number of updated asset objects reloaded before import = 0
Number of asset objects unloaded after import = 3
========================================================================
Received Import Request.
  Time since last request: 0.000035 seconds.
  path: Assets/BigManJD/Platformer Tileset - Pixelart Grasslands/Tile Palette/Tiles/DirtBackgroundTiles_43.asset
  artifactKey: Guid(401e39cf55193ac4ba2f4540c3d135b3) Importer(2089858483,0ecaa5967403d082aa24f35e1b516d23)
Start importing Assets/BigManJD/Platformer Tileset - Pixelart Grasslands/Tile Palette/Tiles/DirtBackgroundTiles_43.asset using Guid(401e39cf55193ac4ba2f4540c3d135b3) Importer(2089858483,0ecaa5967403d082aa24f35e1b516d23) Generated GUIDs only implemented for interfaces!
 -> (artifact id: '251506896fc609ac76d15ea1dafb4623') in 0.021791 seconds
Number of updated asset objects reloaded before import = 0
Number of asset objects unloaded after import = 3
========================================================================
Received Import Request.
  Time since last request: 0.000030 seconds.
  path: Assets/BigManJD/Platformer Tileset - Pixelart Grasslands/Tile Palette/Tiles/DirtBackgroundTiles_8.asset
  artifactKey: Guid(1a0c9f0f629898443a8c152ab8edbdee) Importer(2089858483,0ecaa5967403d082aa24f35e1b516d23)
Start importing Assets/BigManJD/Platformer Tileset - Pixelart Grasslands/Tile Palette/Tiles/DirtBackgroundTiles_8.asset using Guid(1a0c9f0f629898443a8c152ab8edbdee) Importer(2089858483,0ecaa5967403d082aa24f35e1b516d23) Generated GUIDs only implemented for interfaces!
 -> (artifact id: '0b416758ca1c3c43a34f001a3b7cc6df') in 0.019980 seconds
Number of updated asset objects reloaded before import = 0
Number of asset objects unloaded after import = 3
========================================================================
Received Import Request.
  Time since last request: 6.445342 seconds.
  path: Assets/PF SET1/Sliced
  artifactKey: Guid(81193f795130c554db554f89907d215e) Importer(2089858483,0ecaa5967403d082aa24f35e1b516d23)
Start importing Assets/PF SET1/Sliced using Guid(81193f795130c554db554f89907d215e) Importer(2089858483,0ecaa5967403d082aa24f35e1b516d23) Generated GUIDs only implemented for interfaces!
 -> (artifact id: '9f6319a688ecd0b947cdffff2a916230') in 0.014563 seconds
Number of updated asset objects reloaded before import = 0
Number of asset objects unloaded after import = 1
========================================================================
Received Import Request.
  Time since last request: 0.000034 seconds.
  path: Assets/PF SET1/mainlevbuild.png
  artifactKey: Guid(bbf1993bf4e31194f9d5ee94ecea8677) Importer(2089858483,0ecaa5967403d082aa24f35e1b516d23)
Start importing Assets/PF SET1/mainlevbuild.png using Guid(bbf1993bf4e31194f9d5ee94ecea8677) Importer(2089858483,0ecaa5967403d082aa24f35e1b516d23) Generated GUIDs only implemented for interfaces!
 -> (artifact id: 'a02074b3d675bb9666c7c3290a7a4262') in 0.033527 seconds
Number of updated asset objects reloaded before import = 0
Number of asset objects unloaded after import = 3
========================================================================
Received Import Request.
  Time since last request: 0.000037 seconds.
  path: Assets/PF SET1/background_obj.png
  artifactKey: Guid(c83648d49be2e304daae4d092f8aa41f) Importer(2089858483,0ecaa5967403d082aa24f35e1b516d23)
Start importing Assets/PF SET1/background_obj.png using Guid(c83648d49be2e304daae4d092f8aa41f) Importer(2089858483,0ecaa5967403d082aa24f35e1b516d23) Generated GUIDs only implemented for interfaces!
 -> (artifact id: '53e75a191d3287e37f2f54bffcde4839') in 0.038268 seconds
Number of updated asset objects reloaded before import = 0
Number of asset objects unloaded after import = 3
========================================================================
Received Import Request.
  Time since last request: 0.000029 seconds.
  path: Assets/PF SET1/Sliced/background_obj.png
  artifactKey: Guid(46019633fe4c3774b8dcb514cddf7796) Importer(2089858483,0ecaa5967403d082aa24f35e1b516d23)
Start importing Assets/PF SET1/Sliced/background_obj.png using Guid(46019633fe4c3774b8dcb514cddf7796) Importer(2089858483,0ecaa5967403d082aa24f35e1b516d23) Editor requested this worker to shutdown with reason: Scaling down because of idle timeout
Generated GUIDs only implemented for interfaces!
 -> (artifact id: '68572409962c9852a6a63618e8ca783a') in 66.907562 seconds
Number of updated asset objects reloaded before import = 0
Number of asset objects unloaded after import = 2602
TcpMessagingSession - receive error: operation aborted. errorcode: 995, details:  /   -       .
AssetImportWorker is now disconnected from the server
Process exiting
Exiting without the bug reporter. Application will terminate with return code 0