Using pre-set license
Built from '2022.3/staging' branch; Version is '2022.3.16f1 (d2c21f0ef2f1) revision 13812255'; Using compiler version '192829333'; Build Type 'Release'
OS: 'Windows 10  (10.0.19045) 64bit Professional' Language: 'ru' Physical Memory: 15742 MB
BatchMode: 1, IsHumanControllingUs: 0, StartBugReporterOnCrash: 0, Is64bit: 1, IsPro: 1

COMMAND LINE ARGUMENTS:
C:\Program Files\Unity\Hub\Editor\2022.3.16f1\Editor\Unity.exe
-adb2
-batchMode
-noUpm
-name
AssetImportWorker5
-projectPath
C:/Users/user/Documents/GitHub/unity_sonic/SONIC GAME FFFF
-logFile
Logs/AssetImportWorker5.log
-srvPort
54983
Successfully changed project path to: C:/Users/user/Documents/GitHub/unity_sonic/SONIC GAME FFFF
C:/Users/user/Documents/GitHub/unity_sonic/SONIC GAME FFFF
[UnityMemory] Configuration Parameters - Can be set up in boot.config
    "memorysetup-bucket-allocator-granularity=16"
    "memorysetup-bucket-allocator-bucket-count=8"
    "memorysetup-bucket-allocator-block-size=33554432"
    "memorysetup-bucket-allocator-block-count=8"
    "memorysetup-main-allocator-block-size=16777216"
    "memorysetup-thread-allocator-block-size=16777216"
    "memorysetup-gfx-main-allocator-block-size=16777216"
    "memorysetup-gfx-thread-allocator-block-size=16777216"
    "memorysetup-cache-allocator-block-size=4194304"
    "memorysetup-typetree-allocator-block-size=2097152"
    "memorysetup-profiler-bucket-allocator-granularity=16"
    "memorysetup-profiler-bucket-allocator-bucket-count=8"
    "memorysetup-profiler-bucket-allocator-block-size=33554432"
    "memorysetup-profiler-bucket-allocator-block-count=8"
    "memorysetup-profiler-allocator-block-size=16777216"
    "memorysetup-profiler-editor-allocator-block-size=1048576"
    "memorysetup-temp-allocator-size-main=16777216"
    "memorysetup-job-temp-allocator-block-size=2097152"
    "memorysetup-job-temp-allocator-block-size-background=1048576"
    "memorysetup-job-temp-allocator-reduction-small-platforms=262144"
    "memorysetup-allocator-temp-initial-block-size-main=262144"
    "memorysetup-allocator-temp-initial-block-size-worker=262144"
    "memorysetup-temp-allocator-size-background-worker=32768"
    "memorysetup-temp-allocator-size-job-worker=262144"
    "memorysetup-temp-allocator-size-preload-manager=33554432"
    "memorysetup-temp-allocator-size-nav-mesh-worker=65536"
    "memorysetup-temp-allocator-size-audio-worker=65536"
    "memorysetup-temp-allocator-size-cloud-worker=32768"
    "memorysetup-temp-allocator-size-gi-baking-worker=262144"
    "memorysetup-temp-allocator-size-gfx=262144"
Player connection [15748] Host "[IP] 192.168.102.2 [Port] 0 [Flags] 2 [Guid] 742375334 [EditorId] 742375334 [Version] 1048832 [Id] WindowsEditor(7,PC-m00821) [Debug] 1 [PackageName] WindowsEditor [ProjectName] Editor" joined multi-casting on [225.0.0.222:54997]...

Player connection [15748] Host "[IP] 192.168.102.2 [Port] 0 [Flags] 2 [Guid] 742375334 [EditorId] 742375334 [Version] 1048832 [Id] WindowsEditor(7,PC-m00821) [Debug] 1 [PackageName] WindowsEditor [ProjectName] Editor" joined alternative multi-casting on [225.0.0.222:34997]...

[Physics::Module] Initialized MultithreadedJobDispatcher with 15 workers.
Refreshing native plugins compatible for Editor in 9.55 ms, found 4 plugins.
Preloading 0 native plugins for Editor in 0.00 ms.
Initialize engine version: 2022.3.16f1 (d2c21f0ef2f1)
[Subsystems] Discovering subsystems at path C:/Program Files/Unity/Hub/Editor/2022.3.16f1/Editor/Data/Resources/UnitySubsystems
[Subsystems] Discovering subsystems at path C:/Users/user/Documents/GitHub/unity_sonic/SONIC GAME FFFF/Assets
GfxDevice: creating device client; threaded=0; jobified=0
Direct3D:
    Version:  Direct3D 11.0 [level 11.1]
    Renderer: AMD Radeon(TM) Graphics (ID=0x1638)
    Vendor:   ATI
    VRAM:     7871 MB
    Driver:   31.0.12027.9001
Initialize mono
Mono path[0] = 'C:/Program Files/Unity/Hub/Editor/2022.3.16f1/Editor/Data/Managed'
Mono path[1] = 'C:/Program Files/Unity/Hub/Editor/2022.3.16f1/Editor/Data/MonoBleedingEdge/lib/mono/unityjit-win32'
Mono config path = 'C:/Program Files/Unity/Hub/Editor/2022.3.16f1/Editor/Data/MonoBleedingEdge/etc'
Using monoOptions --debugger-agent=transport=dt_socket,embedding=1,server=y,suspend=n,address=127.0.0.1:56892
Begin MonoManager ReloadAssembly
Registering precompiled unity dll's ...
Register platform support module: C:/Program Files/Unity/Hub/Editor/2022.3.16f1/Editor/Data/PlaybackEngines/WindowsStandaloneSupport/UnityEditor.WindowsStandalone.Extensions.dll
Registered in 0.006475 seconds.
- Loaded All Assemblies, in  0.266 seconds
Native extension for WindowsStandalone target not found
Mono: successfully reloaded assembly
- Finished resetting the current domain, in  0.225 seconds
Domain Reload Profiling: 490ms
	BeginReloadAssembly (91ms)
		ExecutionOrderSort (0ms)
		DisableScriptedObjects (0ms)
		BackupInstance (0ms)
		ReleaseScriptingObjects (0ms)
		CreateAndSetChildDomain (1ms)
	RebuildCommonClasses (25ms)
	RebuildNativeTypeToScriptingClass (8ms)
	initialDomainReloadingComplete (47ms)
	LoadAllAssembliesAndSetupDomain (94ms)
		LoadAssemblies (89ms)
		RebuildTransferFunctionScriptingTraits (0ms)
		AnalyzeDomain (93ms)
			TypeCache.Refresh (91ms)
				TypeCache.ScanAssembly (81ms)
			ScanForSourceGeneratedMonoScriptInfo (0ms)
			ResolveRequiredComponents (0ms)
	FinalizeReload (225ms)
		ReleaseScriptCaches (0ms)
		RebuildScriptCaches (0ms)
		SetupLoadedEditorAssemblies (180ms)
			LogAssemblyErrors (0ms)
			InitializePlatformSupportModulesInManaged (8ms)
			SetLoadedEditorAssemblies (6ms)
			RefreshPlugins (0ms)
			BeforeProcessingInitializeOnLoad (2ms)
			ProcessInitializeOnLoadAttributes (126ms)
			ProcessInitializeOnLoadMethodAttributes (38ms)
			AfterProcessingInitializeOnLoad (0ms)
			EditorAssembliesLoaded (0ms)
		ExecutionOrderSort2 (0ms)
		AwakeInstancesAfterBackupRestoration (0ms)
========================================================================
Worker process is ready to serve import requests
Begin MonoManager ReloadAssembly
- Loaded All Assemblies, in  0.678 seconds
Refreshing native plugins compatible for Editor in 3.80 ms, found 4 plugins.
Native extension for WindowsStandalone target not found
Mono: successfully reloaded assembly
- Finished resetting the current domain, in  0.681 seconds
Domain Reload Profiling: 1356ms
	BeginReloadAssembly (153ms)
		ExecutionOrderSort (0ms)
		DisableScriptedObjects (4ms)
		BackupInstance (0ms)
		ReleaseScriptingObjects (0ms)
		CreateAndSetChildDomain (29ms)
	RebuildCommonClasses (30ms)
	RebuildNativeTypeToScriptingClass (8ms)
	initialDomainReloadingComplete (41ms)
	LoadAllAssembliesAndSetupDomain (442ms)
		LoadAssemblies (339ms)
		RebuildTransferFunctionScriptingTraits (0ms)
		AnalyzeDomain (195ms)
			TypeCache.Refresh (160ms)
				TypeCache.ScanAssembly (145ms)
			ScanForSourceGeneratedMonoScriptInfo (25ms)
			ResolveRequiredComponents (8ms)
	FinalizeReload (682ms)
		ReleaseScriptCaches (0ms)
		RebuildScriptCaches (0ms)
		SetupLoadedEditorAssemblies (525ms)
			LogAssemblyErrors (0ms)
			InitializePlatformSupportModulesInManaged (5ms)
			SetLoadedEditorAssemblies (4ms)
			RefreshPlugins (0ms)
			BeforeProcessingInitializeOnLoad (82ms)
			ProcessInitializeOnLoadAttributes (386ms)
			ProcessInitializeOnLoadMethodAttributes (42ms)
			AfterProcessingInitializeOnLoad (6ms)
			EditorAssembliesLoaded (0ms)
		ExecutionOrderSort2 (0ms)
		AwakeInstancesAfterBackupRestoration (5ms)
Launched and connected shader compiler UnityShaderCompiler.exe after 0.04 seconds
Refreshing native plugins compatible for Editor in 4.29 ms, found 4 plugins.
Preloading 0 native plugins for Editor in 0.00 ms.
Unloading 7239 Unused Serialized files (Serialized files now loaded: 0)
Unloading 239 unused Assets / (13.5 MB). Loaded Objects now: 7570.
Memory consumption went from 307.4 MB to 293.9 MB.
Total: 7.136400 ms (FindLiveObjects: 0.487400 ms CreateObjectMapping: 0.410500 ms MarkObjects: 2.886200 ms  DeleteObjects: 3.351600 ms)

AssetImportParameters requested are different than current active one (requested -> active):
  custom:container-demuxer-ogg: 62fdf1f143b41e24485cea50d1cbac27 -> 
  custom:framework-win-MediaFoundation: 216162199b28c13a410421893ffa2e32 -> 
  custom:container-muxer-webm: aa71ff27fc2769a1b78a27578f13a17b -> 
  custom:video-decoder-webm-vp8: 9c59270c3fd7afecdb556c50c9e8de78 -> 
  custom:SearchIndexIgnoredProperties: e643bd26f0fe6173181afceb89e7c659 -> 
  custom:AudioImporter_EditorPlatform: d09bf68614088b80899f8185d706f6e7 -> 
  custom:audio-decoder-ogg-vorbis: bf7c407c2cedff20999df2af8eb42d56 -> 
  custom:audio-encoder-webm-vorbis: bf7c407c2cedff20999df2af8eb42d56 -> 
  custom:video-decoder-ogg-theora: a1e56fd34408186e4bbccfd4996cb3dc -> 
  custom:CustomObjectIndexerAttribute: 4d1d7186bcbbfe361de5f0ad951e585c -> 
  custom:container-demuxer-webm: 4f35f7cbe854078d1ac9338744f61a02 -> 
  custom:video-encoder-webm-vp8: eb34c28f22e8b96e1ab97ce403110664 -> 
========================================================================
Received Import Request.
  Time since last request: 793219.259490 seconds.
  path: Assets/karsiori/Pixel Art Bush Pack/Bush 1/Bush 1_YELLOW.png
  artifactKey: Guid(96631fa1656d447478326ebe505a11d7) Importer(815301076,1909f56bfc062723c751e8b465ee728b)
Start importing Assets/karsiori/Pixel Art Bush Pack/Bush 1/Bush 1_YELLOW.png using Guid(96631fa1656d447478326ebe505a11d7) Importer(815301076,1909f56bfc062723c751e8b465ee728b)  -> (artifact id: '0ea151f309e22cc7a3de78984b1fa8ed') in 0.105115 seconds
Number of updated asset objects reloaded before import = 0
Number of asset objects unloaded after import = 3
========================================================================
Received Import Request.
  Time since last request: 893.916249 seconds.
  path: Assets/CaptainCatSparrow/ArmorAndJewelry/Icons/Belts/Belt_2.png
  artifactKey: Guid(839905316b03ebe4e81724e502fe964c) Importer(815301076,1909f56bfc062723c751e8b465ee728b)
Start importing Assets/CaptainCatSparrow/ArmorAndJewelry/Icons/Belts/Belt_2.png using Guid(839905316b03ebe4e81724e502fe964c) Importer(815301076,1909f56bfc062723c751e8b465ee728b)  -> (artifact id: '2072674411e810299db6a9cc1e9159b6') in 0.025920 seconds
Number of updated asset objects reloaded before import = 0
Number of asset objects unloaded after import = 3
========================================================================
Received Import Request.
  Time since last request: 0.000023 seconds.
  path: Assets/CaptainCatSparrow/ArmorAndJewelry/Icons/Belts/Belt_5.png
  artifactKey: Guid(7855043dc41e7f3428772d39d2174654) Importer(815301076,1909f56bfc062723c751e8b465ee728b)
Start importing Assets/CaptainCatSparrow/ArmorAndJewelry/Icons/Belts/Belt_5.png using Guid(7855043dc41e7f3428772d39d2174654) Importer(815301076,1909f56bfc062723c751e8b465ee728b)  -> (artifact id: 'e94e3decf8cb91eac69eae5864bb76dd') in 0.023665 seconds
Number of updated asset objects reloaded before import = 0
Number of asset objects unloaded after import = 3
========================================================================
Received Import Request.
  Time since last request: 0.000025 seconds.
  path: Assets/CaptainCatSparrow/ArmorAndJewelry/Icons/Belts/Belt_7.png
  artifactKey: Guid(9aaeab259ac13ad408630bf32f00794b) Importer(815301076,1909f56bfc062723c751e8b465ee728b)
Start importing Assets/CaptainCatSparrow/ArmorAndJewelry/Icons/Belts/Belt_7.png using Guid(9aaeab259ac13ad408630bf32f00794b) Importer(815301076,1909f56bfc062723c751e8b465ee728b)  -> (artifact id: 'd5d1e322199f12be75b57cb7cce301f1') in 0.029176 seconds
Number of updated asset objects reloaded before import = 0
Number of asset objects unloaded after import = 3
========================================================================
Received Import Request.
  Time since last request: 0.000017 seconds.
  path: Assets/CaptainCatSparrow/ArmorAndJewelry/Icons/Belts/Belt_9.png
  artifactKey: Guid(7c802a6acbe4f244eaa13a3d6f0932f9) Importer(815301076,1909f56bfc062723c751e8b465ee728b)
Start importing Assets/CaptainCatSparrow/ArmorAndJewelry/Icons/Belts/Belt_9.png using Guid(7c802a6acbe4f244eaa13a3d6f0932f9) Importer(815301076,1909f56bfc062723c751e8b465ee728b)  -> (artifact id: 'f2c26009fe9fdfeb519f89594dea7cc5') in 0.032248 seconds
Number of updated asset objects reloaded before import = 0
Number of asset objects unloaded after import = 3
========================================================================
Received Import Request.
  Time since last request: 0.000029 seconds.
  path: Assets/CaptainCatSparrow/ArmorAndJewelry/Icons/Belts/Belt_10.png
  artifactKey: Guid(6b11b3095215bac4190dee61f7cb70a7) Importer(815301076,1909f56bfc062723c751e8b465ee728b)
Start importing Assets/CaptainCatSparrow/ArmorAndJewelry/Icons/Belts/Belt_10.png using Guid(6b11b3095215bac4190dee61f7cb70a7) Importer(815301076,1909f56bfc062723c751e8b465ee728b)  -> (artifact id: '311919cdbb6b749760e1b4b648ac6e5c') in 0.031334 seconds
Number of updated asset objects reloaded before import = 0
Number of asset objects unloaded after import = 3
========================================================================
Received Import Request.
  Time since last request: 9.514500 seconds.
  path: Assets/EF_Studio/Fantasy Pixel Trees/Demo/Environment/Ground Tiles.prefab
  artifactKey: Guid(9c923cfdc07cb824c9db5ab9c93e879d) Importer(815301076,1909f56bfc062723c751e8b465ee728b)
Start importing Assets/EF_Studio/Fantasy Pixel Trees/Demo/Environment/Ground Tiles.prefab using Guid(9c923cfdc07cb824c9db5ab9c93e879d) Importer(815301076,1909f56bfc062723c751e8b465ee728b)  -> (artifact id: '995df6cf049c8806ffe857e5be0557cc') in 0.106284 seconds
Number of updated asset objects reloaded before import = 0
Number of asset objects unloaded after import = 14
========================================================================
Received Import Request.
  Time since last request: 0.000037 seconds.
  path: Assets/EF_Studio/Fantasy Pixel Trees/Demo/Environment/Tiles.asset
  artifactKey: Guid(bab7666dfbed336459644e3ec40c3752) Importer(815301076,1909f56bfc062723c751e8b465ee728b)
Start importing Assets/EF_Studio/Fantasy Pixel Trees/Demo/Environment/Tiles.asset using Guid(bab7666dfbed336459644e3ec40c3752) Importer(815301076,1909f56bfc062723c751e8b465ee728b)  -> (artifact id: '2a96e62c0d1034c4a25a1be5ef82be9a') in 0.021844 seconds
Number of updated asset objects reloaded before import = 0
Number of asset objects unloaded after import = 3
========================================================================
Received Import Request.
  Time since last request: 116.925524 seconds.
  path: Assets/EF_Studio/Fantasy Pixel Trees/PSD files/Flat Ground PSD.psd
  artifactKey: Guid(053d46bc45462ed4abf21537e7b7e0bd) Importer(815301076,1909f56bfc062723c751e8b465ee728b)
Start importing Assets/EF_Studio/Fantasy Pixel Trees/PSD files/Flat Ground PSD.psd using Guid(053d46bc45462ed4abf21537e7b7e0bd) Importer(815301076,1909f56bfc062723c751e8b465ee728b)  -> (artifact id: '0f9159bd3a22b669c0a734e8bdc339bb') in 0.042951 seconds
Number of updated asset objects reloaded before import = 0
Number of asset objects unloaded after import = 3
========================================================================
Received Import Request.
  Time since last request: 232.200749 seconds.
  path: Assets/Free Pixel Art Forest/PNG/Background layers/Layer_0001_8.png
  artifactKey: Guid(7d8ec9a919288a946b8955907e24a299) Importer(815301076,1909f56bfc062723c751e8b465ee728b)
Start importing Assets/Free Pixel Art Forest/PNG/Background layers/Layer_0001_8.png using Guid(7d8ec9a919288a946b8955907e24a299) Importer(815301076,1909f56bfc062723c751e8b465ee728b)  -> (artifact id: '2f9b22193b4edd2d0aecdfedaad0ae7d') in 0.029018 seconds
Number of updated asset objects reloaded before import = 0
Number of asset objects unloaded after import = 3
========================================================================
Received Import Request.
  Time since last request: 0.000023 seconds.
  path: Assets/Free Pixel Art Forest/PNG/Background layers/Layer_0005_5.png
  artifactKey: Guid(e6b7bf9284c9d0f43b9ec997a49003ca) Importer(815301076,1909f56bfc062723c751e8b465ee728b)
Start importing Assets/Free Pixel Art Forest/PNG/Background layers/Layer_0005_5.png using Guid(e6b7bf9284c9d0f43b9ec997a49003ca) Importer(815301076,1909f56bfc062723c751e8b465ee728b)  -> (artifact id: '6cc5bb09bb69c21fe3de15f791110052') in 0.029886 seconds
Number of updated asset objects reloaded before import = 0
Number of asset objects unloaded after import = 3
========================================================================
Received Import Request.
  Time since last request: 0.000020 seconds.
  path: Assets/Free Pixel Art Forest/PNG/Background layers/Layer_0009_2.png
  artifactKey: Guid(62921c9f24f49c641a3789afe7003e3d) Importer(815301076,1909f56bfc062723c751e8b465ee728b)
Start importing Assets/Free Pixel Art Forest/PNG/Background layers/Layer_0009_2.png using Guid(62921c9f24f49c641a3789afe7003e3d) Importer(815301076,1909f56bfc062723c751e8b465ee728b)  -> (artifact id: '6d9fe8d20f59686c78411840c600c47a') in 0.036666 seconds
Number of updated asset objects reloaded before import = 0
Number of asset objects unloaded after import = 3
========================================================================
Received Import Request.
  Time since last request: 0.000029 seconds.
  path: Assets/Free Pixel Art Forest/PNG/Background layers/Layer_0010_1.png
  artifactKey: Guid(8cc204ff1cb8a3f4ca2b357ed7680ab0) Importer(815301076,1909f56bfc062723c751e8b465ee728b)
Start importing Assets/Free Pixel Art Forest/PNG/Background layers/Layer_0010_1.png using Guid(8cc204ff1cb8a3f4ca2b357ed7680ab0) Importer(815301076,1909f56bfc062723c751e8b465ee728b)  -> (artifact id: '4c8d4d9d67373cfdcb7f17294d146137') in 0.034193 seconds
Number of updated asset objects reloaded before import = 0
Number of asset objects unloaded after import = 3
========================================================================
Received Import Request.
  Time since last request: 0.000018 seconds.
  path: Assets/Free Pixel Art Forest/PNG/Background layers/Layer_0006_4.png
  artifactKey: Guid(16e584d682c4c9844bcabde001be7721) Importer(815301076,1909f56bfc062723c751e8b465ee728b)
Start importing Assets/Free Pixel Art Forest/PNG/Background layers/Layer_0006_4.png using Guid(16e584d682c4c9844bcabde001be7721) Importer(815301076,1909f56bfc062723c751e8b465ee728b)  -> (artifact id: '360613da074340c6d36ac1eb75f00fe3') in 0.035974 seconds
Number of updated asset objects reloaded before import = 0
Number of asset objects unloaded after import = 3
========================================================================
Received Import Request.
  Time since last request: 0.000020 seconds.
  path: Assets/Free Pixel Art Forest/PNG/Background layers/Layer_0004_Lights.png
  artifactKey: Guid(3cbfdae1756727d45bb7d2a8ac91b21c) Importer(815301076,1909f56bfc062723c751e8b465ee728b)
Start importing Assets/Free Pixel Art Forest/PNG/Background layers/Layer_0004_Lights.png using Guid(3cbfdae1756727d45bb7d2a8ac91b21c) Importer(815301076,1909f56bfc062723c751e8b465ee728b)  -> (artifact id: '9aee6edaef6ccef2e6cb257c9849184a') in 0.035859 seconds
Number of updated asset objects reloaded before import = 0
Number of asset objects unloaded after import = 3
========================================================================
Received Import Request.
  Time since last request: 26.178405 seconds.
  path: Assets/Free Pixel Art Forest/You may also like/Pixel Art Runner.png
  artifactKey: Guid(60f27b59e06ff344888f5c02c14a7ab5) Importer(815301076,1909f56bfc062723c751e8b465ee728b)
Start importing Assets/Free Pixel Art Forest/You may also like/Pixel Art Runner.png using Guid(60f27b59e06ff344888f5c02c14a7ab5) Importer(815301076,1909f56bfc062723c751e8b465ee728b)  -> (artifact id: '5bb13d0e75d72e2fe71577dcb33e71a0') in 0.061360 seconds
Number of updated asset objects reloaded before import = 0
Number of asset objects unloaded after import = 3
Editor requested this worker to shutdown with reason: Scaling down because of idle timeout
TcpMessagingSession - receive error: operation aborted. errorcode: 995, details: ќпераци€ ввода/вывода была прервана из-за завершени€ потока команд или по запросу приложени€.
AssetImportWorker is now disconnected from the server
Process exiting
Exiting without the bug reporter. Application will terminate with return code 0